======================================================================
Ablation 1: SGD/Nesterov outer LR scan (n=64, 1024 epochs)
======================================================================

=== n=64 sgd out=0.01 nes i=1.0    ===
    256 | train 1.508043
    512 | train 1.082247
    768 | train 1.017569
   1024 | train 0.982472

=== n=64 sgd out=0.1  nes i=1.0    ===
    256 | train 0.985101
    512 | train nan

=== n=64 sgd out=0.3  nes i=1.0    ===
    256 | train nan

=== n=64 sgd out=1.0  nes i=1.0    ===
    256 | train nan

=== n=64 sgd out=3.0  nes i=1.0    ===
    256 | train nan

=== n=64 snes out=0.3  nes i=1.0   ===
    256 | train nan

=== n=64 snes out=1.0  nes i=1.0   ===
    256 | train nan

=
=
=
=
=
=
=
=
=
=
=
=
=
=
=
=
=
=
=
=
=
=
=
=
=
=
=
=
=
=
=
=
=
=
=
=
=
=
=
=
=
=
=
=
=
=
=
=
=
=
=
=
=
=
=
=
=
=
=
=
=
=
=
=
=
=
=
=
=
=
Ablation 2: BP higher LR / longer (4096 epochs)
======================================================================

=== bp+adamw 1e-2                  ===
    256 | train 1.003489
    512 | train 0.749398
    768 | train 0.624096
   1024 | train 0.556725
   1280 | train 0.514659
   1536 | train 0.481850
   1792 | train 0.448507
   2048 | train 0.411465
   2304 | train 0.383353
   2560 | train 0.362448
   2816 | train 0.353090
   3072 | train 0.345444
   3328 | train 0.335836
   3584 | train 0.325588
   3840 | train 0.372808
   4096 | train 0.315124

=== bp+adamw 3e-3 (anchor)         ===
    256 | train 1.047537
    512 | train 0.484655
    768 | train 0.223893
   1024 | train 0.126316
   1280 | train 0.088666
   1536 | train 0.071492
   1792 | train 0.063423
   2048 | train 0.058880
   2304 | train 0.057184
   2560 | train 0.055590
   2816 | train 0.055155
   3072 | train 0.054420
   3328 | train 0.053959
   3584 | train 0.053505
   3840 | train 0.052888
   4096 | train 0.052366

=
=
=
=
=
=
=
=
=
=
=
=
=
=
=
=
=
=
=
=
=
=
=
=
=
=
=
=
=
=
=
=
=
=
=
=
=
=
=
=
=
=
=
=
=
=
=
=
=
=
=
=
=
=
=
=
=
=
=
=
=
=
=
=
=
=
=
=
=
=
Ablation 3: n=512 loco, 2048 epochs (saturation?)
======================================================================

=== n=512 adam 3e-3 nes i=1.0     ===
    256 | train 0.104676
    512 | train 0.029214
    768 | train 0.025526
   1024 | train 0.023195
   1280 | train 0.021606
   1536 | train 0.020470
   1792 | train 0.019625
   2048 | train 0.018976

=== summary ===
                          config      tail      best      eval     nMSE
  n=64 sgd out=0.01 nes i=1.0       0.9825    0.9674    0.9667   17.410
  n=64 sgd out=0.1  nes i=1.0          nan       nan       nan      nan
  n=64 sgd out=0.3  nes i=1.0          nan       nan       nan      nan
  n=64 sgd out=1.0  nes i=1.0          nan       nan       nan      nan
  n=64 sgd out=3.0  nes i=1.0          nan       nan       nan      nan
  n=64 snes out=0.3  nes i=1.0         nan       nan       nan      nan
  n=64 snes out=1.0  nes i=1.0         nan       nan       nan      nan
  bp+adamw 1e-2                     0.3152    0.3072    0.3065    5.518
  bp+adamw 3e-3 (anchor)            0.0524    0.0485    0.0524    0.943
   n=512 adam 3e-3 nes i=1.0        0.0190    0.0187    0.0187    0.337
