
=== BP K=1 lr=1e-3 ep=32768  ===
    1024 | train 0.590952
    2048 | train 0.090185
    3072 | train 0.055148
    4096 | train 0.046995
    5120 | train 0.043639
    6144 | train 0.041998
    7168 | train 0.041109
    8192 | train 0.040640
    9216 | train 0.040286
   10240 | train 0.039975
   11264 | train 0.039650
   12288 | train 0.039235
   13312 | train 0.038755
   14336 | train 0.038191
   15360 | train 0.037607
   16384 | train 0.036930
   17408 | train 0.036311
   18432 | train 0.035733
   19456 | train 0.035232
   20480 | train 0.034719
   21504 | train 0.034285
   22528 | train 0.033911
   23552 | train 0.033576
   24576 | train 0.033303
   25600 | train 0.033069
   26624 | train 0.032837
   27648 | train 0.032655
   28672 | train 0.032481
   29696 | train 0.032335
   30720 | train 0.032182
   31744 | train 0.032062
   32768 | train 0.031952

=== BP K=1 lr=3e-4 ep=32768  ===
    1024 | train 1.160571
    2048 | train 0.512936
    3072 | train 0.107373
    4096 | train 0.061931
    5120 | train 0.049773
    6144 | train 0.044539
    7168 | train 0.041716
    8192 | train 0.039992
    9216 | train 0.038839
   10240 | train 0.038012
   11264 | train 0.037399
   12288 | train 0.036916
   13312 | train 0.036532
   14336 | train 0.036215
   15360 | train 0.035946
   16384 | train 0.035719
   17408 | train 0.035516
   18432 | train 0.035342
   19456 | train 0.035191
   20480 | train 0.035049
   21504 | train 0.034923
   22528 | train 0.034809
   23552 | train 0.034703
   24576 | train 0.034606
   25600 | train 0.034518
   26624 | train 0.034434
   27648 | train 0.034359
   28672 | train 0.034282
   29696 | train 0.034211
   30720 | train 0.034140
   31744 | train 0.034071
   32768 | train 0.034008

=== BP K=1 lr=1e-3 ep=131072 ===
    1024 | train 0.590952
    2048 | train 0.090185
    3072 | train 0.055148
    4096 | train 0.046995
    5120 | train 0.043639
    6144 | train 0.041998
    7168 | train 0.041109
    8192 | train 0.040640
    9216 | train 0.040286
   10240 | train 0.039975
   11264 | train 0.039650
   12288 | train 0.039235
   13312 | train 0.038755
   14336 | train 0.038191
   15360 | train 0.037607
   16384 | train 0.036930
   17408 | train 0.036311
   18432 | train 0.035733
   19456 | train 0.035232
   20480 | train 0.034719
   21504 | train 0.034285
   22528 | train 0.033911
   23552 | train 0.033576
   24576 | train 0.033303
   25600 | train 0.033069
   26624 | train 0.032837
   27648 | train 0.032655
   28672 | train 0.032481
   29696 | train 0.032335
   30720 | train 0.032182
   31744 | train 0.032062
   32768 | train 0.031952
   33792 | train 0.031854
   34816 | train 0.031748
   35840 | train 0.031651
   36864 | train 0.031574
   37888 | train 0.031495
   38912 | train 0.031422
   39936 | train 0.031350
   40960 | train 0.031288
   41984 | train 0.031213
   43008 | train 0.031167
   44032 | train 0.031105
   45056 | train 0.031039
   46080 | train 0.031003
   47104 | train 0.030940
   48128 | train 0.030895
   49152 | train 0.030851
   50176 | train 0.030792
   51200 | train 0.030763
   52224 | train 0.030717
   53248 | train 0.030662
   54272 | train 0.030625
   55296 | train 0.030592
   56320 | train 0.030547
   57344 | train 0.030504
   58368 | train 0.030470
   59392 | train 0.030432
   60416 | train 0.030406
   61440 | train 0.030360
   62464 | train 0.030324
   63488 | train 0.030289
   64512 | train 0.030263
   65536 | train 0.030221
   66560 | train 0.030197
   67584 | train 0.030146
   68608 | train 0.030128
   69632 | train 0.030094
   70656 | train 0.030058
   71680 | train 0.030023
   72704 | train 0.030001
   73728 | train 0.029961
   74752 | train 0.029933
   75776 | train 0.029902
   76800 | train 0.029867
   77824 | train 0.029836
   78848 | train 0.029805
   79872 | train 0.029779
   80896 | train 0.029742
   81920 | train 0.029720
   82944 | train 0.029684
   83968 | train 0.029657
   84992 | train 0.029626
   86016 | train 0.029584
   87040 | train 0.029569
   88064 | train 0.029521
   89088 | train 0.029503
   90112 | train 0.029483
   91136 | train 0.029432
   92160 | train 0.029411
   93184 | train 0.029370
   94208 | train 0.029341
   95232 | train 0.029312
   96256 | train 0.029279
   97280 | train 0.029242
   98304 | train 0.029222
   99328 | train 0.029175
  100352 | train 0.029152
  101376 | train 0.029105
  102400 | train 0.029086
  103424 | train 0.029039
  104448 | train 0.029012
  105472 | train 0.028976
  106496 | train 0.028933
  107520 | train 0.028908
  108544 | train 0.028871
  109568 | train 0.028820
  110592 | train 0.028790
  111616 | train 0.028741
  112640 | train 0.028716
  113664 | train 0.028671
  114688 | train 0.028620
  115712 | train 0.028592
  116736 | train 0.028545
  117760 | train 0.028500
  118784 | train 0.028451
  119808 | train 0.028414
  120832 | train 0.028368
  121856 | train 0.028315
  122880 | train 0.028284
  123904 | train 0.028223
  124928 | train 0.028180
  125952 | train 0.028128
  126976 | train 0.028083
  128000 | train 0.028037
  129024 | train 0.027978
  130048 | train 0.027925
  131072 | train 0.027872

=== BP K=1 lr=3e-4 ep=131072 ===
    1024 | train 1.160571
    2048 | train 0.512936
    3072 | train 0.107373
    4096 | train 0.061931
    5120 | train 0.049773
    6144 | train 0.044539
    7168 | train 0.041716
    8192 | train 0.039992
    9216 | train 0.038839
   10240 | train 0.038012
   11264 | train 0.037399
   12288 | train 0.036916
   13312 | train 0.036532
   14336 | train 0.036215
   15360 | train 0.035946
   16384 | train 0.035719
   17408 | train 0.035516
   18432 | train 0.035342
   19456 | train 0.035191
   20480 | train 0.035049
   21504 | train 0.034923
   22528 | train 0.034809
   23552 | train 0.034703
   24576 | train 0.034606
   25600 | train 0.034518
   26624 | train 0.034434
   27648 | train 0.034359
   28672 | train 0.034282
   29696 | train 0.034211
   30720 | train 0.034140
   31744 | train 0.034071
   32768 | train 0.034008
   33792 | train 0.033940
   34816 | train 0.033878
   35840 | train 0.033814
   36864 | train 0.033754
   37888 | train 0.033690
   38912 | train 0.033625
   39936 | train 0.033562
   40960 | train 0.033496
   41984 | train 0.033433
   43008 | train 0.033360
   44032 | train 0.033285
   45056 | train 0.033212
   46080 | train 0.033131
   47104 | train 0.033046
   48128 | train 0.032962
   49152 | train 0.032877
   50176 | train 0.032786
   51200 | train 0.032697
   52224 | train 0.032605
   53248 | train 0.032506
   54272 | train 0.032416
   55296 | train 0.032319
   56320 | train 0.032225
   57344 | train 0.032131
   58368 | train 0.032042
   59392 | train 0.031946
   60416 | train 0.031852
   61440 | train 0.031761
   62464 | train 0.031665
   63488 | train 0.031574
   64512 | train 0.031486
   65536 | train 0.031395
   66560 | train 0.031307
   67584 | train 0.031219
   68608 | train 0.031133
   69632 | train 0.031046
   70656 | train 0.030967
   71680 | train 0.030887
   72704 | train 0.030810
   73728 | train 0.030735
   74752 | train 0.030661
   75776 | train 0.030585
   76800 | train 0.030514
   77824 | train 0.030444
   78848 | train 0.030371
   79872 | train 0.030306
   80896 | train 0.030242
   81920 | train 0.030174
   82944 | train 0.030112
   83968 | train 0.030053
   84992 | train 0.029992
   86016 | train 0.029934
   87040 | train 0.029878
   88064 | train 0.029823
   89088 | train 0.029774
   90112 | train 0.029716
   91136 | train 0.029666
   92160 | train 0.029618
   93184 | train 0.029569
   94208 | train 0.029523
   95232 | train 0.029476
   96256 | train 0.029433
   97280 | train 0.029389
   98304 | train 0.029345
   99328 | train 0.029304
  100352 | train 0.029263
  101376 | train 0.029223
  102400 | train 0.029185
  103424 | train 0.029147
  104448 | train 0.029107
  105472 | train 0.029072
  106496 | train 0.029034
  107520 | train 0.028999
  108544 | train 0.028968
  109568 | train 0.028928
  110592 | train 0.028900
  111616 | train 0.028863
  112640 | train 0.028832
  113664 | train 0.028802
  114688 | train 0.028769
  115712 | train 0.028737
  116736 | train 0.028709
  117760 | train 0.028676
  118784 | train 0.028650
  119808 | train 0.028616
  120832 | train 0.028588
  121856 | train 0.028563
  122880 | train 0.028532
  123904 | train 0.028503
  124928 | train 0.028479
  125952 | train 0.028448
  126976 | train 0.028424
  128000 | train 0.028397
  129024 | train 0.028370
  130048 | train 0.028344
  131072 | train 0.028319

=== summary ===
                      config      tail      best      eval     nMSE      sec
    BP K=1 lr=1e-3 ep=32768     0.0320    0.0312    0.0320    0.575    658.2
    BP K=1 lr=3e-4 ep=32768     0.0340    0.0338    0.0341    0.612    649.8
    BP K=1 lr=1e-3 ep=131072    0.0279    0.0270    0.0281    0.505   2630.0
    BP K=1 lr=3e-4 ep=131072    0.0283    0.0281    0.0285    0.512   2623.7
