
=== BP K=1  lr=3e-3  ===
    256 | train 1.047372
    512 | train 0.485229
    768 | train 0.224446
   1024 | train 0.126683
   1280 | train 0.089044
   1536 | train 0.071705
   1792 | train 0.064197
   2048 | train 0.058980

=== BP K=4  lr=3e-3  ===
    256 | train 0.342861
    512 | train 0.070911
    768 | train 0.055753
   1024 | train 0.053071
   1280 | train 0.050172
   1536 | train 0.047582
   1792 | train 0.045632
   2048 | train 0.044402

=== BP K=16 lr=3e-3  ===
    256 | train 0.092237
    512 | train 0.046443
    768 | train 0.041494
   1024 | train 0.039128
   1280 | train 0.047191
   1536 | train 0.041598
   1792 | train 0.038674
   2048 | train 0.048108

=== BP K=64 lr=3e-3  ===
    256 | train 0.051685
    512 | train 0.042783
    768 | train 0.041826
   1024 | train 0.042403
   1280 | train 0.040489
   1536 | train 0.039582
   1792 | train 0.037161
   2048 | train 0.034608

=== BP K=4  lr=1e-3  ===
    256 | train 0.586991
    512 | train 0.089511
    768 | train 0.054925
   1024 | train 0.046825
   1280 | train 0.043468
   1536 | train 0.041851
   1792 | train 0.041009
   2048 | train 0.040550

=== BP K=16 lr=1e-3  ===
    256 | train 0.104195
    512 | train 0.041331
    768 | train 0.039458
   1024 | train 0.037173
   1280 | train 0.035047
   1536 | train 0.033709
   1792 | train 0.032838
   2048 | train 0.032243

=== BP K=64 lr=1e-3  ===
    256 | train 0.048975
    512 | train 0.033658
    768 | train 0.032109
   1024 | train 0.031513
   1280 | train 0.031171
   1536 | train 0.030797
   1792 | train 0.030600
   2048 | train 0.030410

=== summary (ep=2048, batch=16384) ===
              config      tail      best      eval     nMSE      sec
    BP K=1  lr=3e-3     0.0591    0.0549    0.0563    1.012     46.3
    BP K=4  lr=3e-3     0.0444    0.0407    0.0444    0.799    151.8
    BP K=16 lr=3e-3     0.0608    0.0342    0.0427    0.768    604.1
    BP K=64 lr=3e-3     0.0380    0.0305    0.0337    0.606   2422.7
    BP K=4  lr=1e-3     0.0406    0.0395    0.0401    0.721    152.9
    BP K=16 lr=1e-3     0.0322    0.0312    0.0330    0.594    605.3
    BP K=64 lr=1e-3     0.0304    0.0295    0.0316    0.568   2412.9
